#
# There is insufficient memory for the Java Runtime Environment to continue.
# Native memory allocation (mmap) failed to map 398458880 bytes for G1 virtual space
# Possible reasons:
#   The system is out of physical RAM or swap space
#   The process is running with CompressedOops enabled, and the Java Heap may be blocking the growth of the native heap
# Possible solutions:
#   Reduce memory load on the system
#   Increase physical memory or swap space
#   Check if swap backing store is full
#   Decrease Java heap size (-Xmx/-Xms)
#   Decrease number of Java threads
#   Decrease Java thread stack sizes (-Xss)
#   Set larger code cache with -XX:ReservedCodeCacheSize=
#   JVM is running with Zero Based Compressed Oops mode in which the Java heap is
#     placed in the first 32GB address space. The Java Heap base address is the
#     maximum limit for the native heap growth. Please use -XX:HeapBaseMinAddress
#     to set the Java Heap base and to place the Java Heap above 32GB virtual address.
# This output file may be truncated or incomplete.
#
#  Out of Memory Error (os_windows.cpp:3548), pid=25144, tid=17424
#
# JRE version:  (17.0.11+7) (build )
# Java VM: Java HotSpot(TM) 64-Bit Server VM (17.0.11+7-LTS-207, mixed mode, sharing, tiered, compressed oops, compressed class ptrs, g1 gc, windows-amd64)
# No core dump will be written. Minidumps are not enabled by default on client versions of Windows
#

---------------  S U M M A R Y ------------

Command Line: org.jetbrains.kotlin.cli.jvm.K2JVMCompiler @D:\Documents\Flutter_project\trach\flutter_application_2\build\app\20250928_1686039242278189592.compiler.options

Host: 12th Gen Intel(R) Core(TM) i5-12600K, 16 cores, 23G,  Windows 10 , 64 bit Build 19041 (10.0.19041.5915)
Time: Sun Sep 28 17:45:48 2025  Windows 10 , 64 bit Build 19041 (10.0.19041.5915) elapsed time: 0.007876 seconds (0d 0h 0m 0s)

---------------  T H R E A D  ---------------

Current thread (0x000001a66bb0de60):  JavaThread "Unknown thread" [_thread_in_vm, id=17424, stack(0x00000063fb800000,0x00000063fb900000)]

Stack: [0x00000063fb800000,0x00000063fb900000]
Native frames: (J=compiled Java code, j=interpreted, Vv=VM code, C=native code)
V  [jvm.dll+0x679cca]
V  [jvm.dll+0x7da13d]
V  [jvm.dll+0x7dba83]
V  [jvm.dll+0x7dc0f3]
V  [jvm.dll+0x2449af]
V  [jvm.dll+0x676ce9]
V  [jvm.dll+0x66b852]
V  [jvm.dll+0x3018d6]
V  [jvm.dll+0x308e76]
V  [jvm.dll+0x3596ee]
V  [jvm.dll+0x35991f]
V  [jvm.dll+0x2d89a8]
V  [jvm.dll+0x2d9914]
V  [jvm.dll+0x7ac6b1]
V  [jvm.dll+0x366f61]
V  [jvm.dll+0x78b609]
V  [jvm.dll+0x3ec22f]
V  [jvm.dll+0x3ede61]
C  [jli.dll+0x5297]
C  [ucrtbase.dll+0x21bb2]
C  [KERNEL32.DLL+0x17374]
C  [ntdll.dll+0x4cc91]


---------------  P R O C E S S  ---------------

Threads class SMR info:
_java_thread_list=0x00007ff85e7d7a18, length=0, elements={
}

Java Threads: ( => current thread )

Other Threads:
  0x000001a66bb967f0 GCTaskThread "GC Thread#0" [stack: 0x00000063fb900000,0x00000063fba00000] [id=15344]
  0x000001a66bba3540 ConcurrentGCThread "G1 Main Marker" [stack: 0x00000063fba00000,0x00000063fbb00000] [id=23044]
  0x000001a66bba3f50 ConcurrentGCThread "G1 Conc#0" [stack: 0x00000063fbb00000,0x00000063fbc00000] [id=19176]

[error occurred during error reporting (printing all threads), id 0xc0000005, EXCEPTION_ACCESS_VIOLATION (0xc0000005) at pc=0x00007ff85e009497]

VM state: not at safepoint (not fully initialized)

VM Mutex/Monitor currently owned by a thread:  ([mutex/lock_event])
[0x000001a66bb085a0] Heap_lock - owner thread: 0x000001a66bb0de60

Heap address: 0x0000000684000000, size: 6080 MB, Compressed Oops mode: Zero based, Oop shift amount: 3

CDS archive(s) mapped at: [0x0000000000000000-0x0000000000000000-0x0000000000000000), size 0, SharedBaseAddress: 0x0000000800000000, ArchiveRelocationMode: 1.
Narrow klass base: 0x0000000000000000, Narrow klass shift: 0, Narrow klass range: 0x0

GC Precious Log:
<Empty>

Heap:
 garbage-first heap   total 0K, used 0K [0x0000000684000000, 0x0000000800000000)
  region size 4096K, 0 young (0K), 0 survivors (0K)

[error occurred during error reporting (printing heap information), id 0xc0000005, EXCEPTION_ACCESS_VIOLATION (0xc0000005) at pc=0x00007ff85e3f3559]

GC Heap History (0 events):
No events

Deoptimization events (0 events):
No events

Classes unloaded (0 events):
No events

Classes redefined (0 events):
No events

Internal exceptions (0 events):
No events

VM Operations (0 events):
No events

Events (1 events):
Event: 0.005 Loaded shared library D:\Program Files\Java\jdk-17\bin\java.dll


Dynamic libraries:
0x00007ff67fd50000 - 0x00007ff67fd60000 	D:\Program Files\Java\jdk-17\bin\java.exe
0x00007ff962570000 - 0x00007ff962768000 	C:\windows\SYSTEM32\ntdll.dll
0x00007ff961e20000 - 0x00007ff961ee2000 	C:\windows\System32\KERNEL32.DLL
0x00007ff95fc10000 - 0x00007ff95ff06000 	C:\windows\System32\KERNELBASE.dll
0x00007ff9600f0000 - 0x00007ff9601f0000 	C:\windows\System32\ucrtbase.dll
0x00007ff93f630000 - 0x00007ff93f649000 	D:\Program Files\Java\jdk-17\bin\jli.dll
0x00007ff93da00000 - 0x00007ff93da1b000 	D:\Program Files\Java\jdk-17\bin\VCRUNTIME140.dll
0x00007ff960c50000 - 0x00007ff960d01000 	C:\windows\System32\ADVAPI32.dll
0x00007ff960bb0000 - 0x00007ff960c4e000 	C:\windows\System32\msvcrt.dll
0x00007ff9609e0000 - 0x00007ff960a7f000 	C:\windows\System32\sechost.dll
0x00007ff961490000 - 0x00007ff9615b0000 	C:\windows\System32\RPCRT4.dll
0x00007ff95ff10000 - 0x00007ff95ff37000 	C:\windows\System32\bcrypt.dll
0x00007ff9620b0000 - 0x00007ff96224d000 	C:\windows\System32\USER32.dll
0x00007ff9604d0000 - 0x00007ff9604f2000 	C:\windows\System32\win32u.dll
0x00007ff9605a0000 - 0x00007ff9605cb000 	C:\windows\System32\GDI32.dll
0x00007ff9453b0000 - 0x00007ff94564b000 	C:\windows\WinSxS\amd64_microsoft.windows.common-controls_6595b64144ccf1df_6.0.19041.6280_none_60bc30a171f2f3f3\COMCTL32.dll
0x00007ff95ff40000 - 0x00007ff960059000 	C:\windows\System32\gdi32full.dll
0x00007ff960500000 - 0x00007ff96059d000 	C:\windows\System32\msvcp_win.dll
0x00007ff95f720000 - 0x00007ff95f72a000 	C:\windows\SYSTEM32\VERSION.dll
0x00007ff9615d0000 - 0x00007ff9615ff000 	C:\windows\System32\IMM32.DLL
0x0000000069400000 - 0x000000006940d000 	D:\Program Files (x86)\360\360Safe\safemon\SafeWrapper.dll
0x00007ff959260000 - 0x00007ff959365000 	D:\Program Files (x86)\360\360Safe\safemon\libzdtp64.dll
0x00007ff960d20000 - 0x00007ff961490000 	C:\windows\System32\SHELL32.dll
0x00007ff962470000 - 0x00007ff9624cb000 	C:\windows\System32\SHLWAPI.dll
0x00007ff946b00000 - 0x00007ff946b0c000 	D:\Program Files\Java\jdk-17\bin\vcruntime140_1.dll
0x00007ff918e00000 - 0x00007ff918e8e000 	D:\Program Files\Java\jdk-17\bin\msvcp140.dll
0x00007ff85dd20000 - 0x00007ff85e900000 	D:\Program Files\Java\jdk-17\bin\server\jvm.dll
0x00007ff960d10000 - 0x00007ff960d18000 	C:\windows\System32\PSAPI.DLL
0x00007ff9325c0000 - 0x00007ff9325c9000 	C:\windows\SYSTEM32\WSOCK32.dll
0x00007ff954b80000 - 0x00007ff954ba7000 	C:\windows\SYSTEM32\WINMM.dll
0x00007ff961c00000 - 0x00007ff961c6b000 	C:\windows\System32\WS2_32.dll
0x00007ff95e3c0000 - 0x00007ff95e3d2000 	C:\windows\SYSTEM32\kernel.appcore.dll
0x00007ff940ce0000 - 0x00007ff940cea000 	D:\Program Files\Java\jdk-17\bin\jimage.dll
0x00007ff95dec0000 - 0x00007ff95e0c1000 	C:\windows\SYSTEM32\DBGHELP.DLL
0x00007ff949d80000 - 0x00007ff949db4000 	C:\windows\SYSTEM32\dbgcore.DLL
0x00007ff960060000 - 0x00007ff9600e2000 	C:\windows\System32\bcryptPrimitives.dll
0x00007ff93d6e0000 - 0x00007ff93d705000 	D:\Program Files\Java\jdk-17\bin\java.dll

dbghelp: loaded successfully - version: 4.0.5 - missing functions: none
symbol engine: initialized successfully - sym options: 0x614 - pdb path: .;D:\Program Files\Java\jdk-17\bin;C:\windows\SYSTEM32;C:\windows\WinSxS\amd64_microsoft.windows.common-controls_6595b64144ccf1df_6.0.19041.6280_none_60bc30a171f2f3f3;D:\Program Files (x86)\360\360Safe\safemon;D:\Program Files\Java\jdk-17\bin\server

VM Arguments:
java_command: org.jetbrains.kotlin.cli.jvm.K2JVMCompiler @D:\Documents\Flutter_project\trach\flutter_application_2\build\app\20250928_1686039242278189592.compiler.options
java_class_path (initial): C:\Users\Administrator\.gradle\caches\modules-2\files-2.1\org.jetbrains.kotlin\kotlin-compiler-embeddable\2.1.0\988bf980588bbbcfa1ba19c1ffd7aa869b335a31\kotlin-compiler-embeddable-2.1.0.jar;C:\Users\Administrator\.gradle\caches\modules-2\files-2.1\org.jetbrains.kotlin\kotlin-stdlib\2.1.0\85f8b81009cda5890e54ba67d64b5e599c645020\kotlin-stdlib-2.1.0.jar;C:\Users\Administrator\.gradle\caches\modules-2\files-2.1\org.jetbrains.kotlin\kotlin-script-runtime\2.1.0\5909da8c57b75a117714ab0e348c86101b7a3284\kotlin-script-runtime-2.1.0.jar;C:\Users\Administrator\.gradle\caches\modules-2\files-2.1\org.jetbrains.kotlin\kotlin-reflect\1.6.10\1cbe9c92c12a94eea200d23c2bbaedaf3daf5132\kotlin-reflect-1.6.10.jar;C:\Users\Administrator\.gradle\caches\modules-2\files-2.1\org.jetbrains.kotlin\kotlin-daemon-embeddable\2.1.0\420bae1908e4a353f5b56c3c850d24d86367b25d\kotlin-daemon-embeddable-2.1.0.jar;C:\Users\Administrator\.gradle\caches\modules-2\files-2.1\org.jetbrains.intellij.deps\trove4j\1.0.20200330\3afb14d5f9ceb459d724e907a21145e8ff394f02\trove4j-1.0.20200330.jar;C:\Users\Administrator\.gradle\caches\modules-2\files-2.1\org.jetbrains.kotlinx\kotlinx-coroutines-core-jvm\1.6.4\2c997cd1c0ef33f3e751d3831929aeff1390cb30\kotlinx-coroutines-core-jvm-1.6.4.jar;C:\Users\Administrator\.gradle\caches\modules-2\files-2.1\org.jetbrains\annotations\13.0\919f0dfe192fb4e063e7dacadee7f8bb9a2672a9\annotations-13.0.jar
Launcher Type: SUN_STANDARD

[Global flags]
     intx CICompilerCount                          = 12                                        {product} {ergonomic}
     uint ConcGCThreads                            = 3                                         {product} {ergonomic}
     uint G1ConcRefinementThreads                  = 13                                        {product} {ergonomic}
   size_t G1HeapRegionSize                         = 4194304                                   {product} {ergonomic}
    uintx GCDrainStackTargetSize                   = 64                                        {product} {ergonomic}
   size_t InitialHeapSize                          = 398458880                                 {product} {ergonomic}
   size_t MarkStackSize                            = 4194304                                   {product} {ergonomic}
   size_t MaxHeapSize                              = 6375342080                                {product} {ergonomic}
   size_t MinHeapDeltaBytes                        = 4194304                                   {product} {ergonomic}
   size_t MinHeapSize                              = 8388608                                   {product} {ergonomic}
    uintx NonNMethodCodeHeapSize                   = 7602480                                {pd product} {ergonomic}
    uintx NonProfiledCodeHeapSize                  = 122027880                              {pd product} {ergonomic}
    uintx ProfiledCodeHeapSize                     = 122027880                              {pd product} {ergonomic}
    uintx ReservedCodeCacheSize                    = 251658240                              {pd product} {ergonomic}
     bool SegmentedCodeCache                       = true                                      {product} {ergonomic}
   size_t SoftMaxHeapSize                          = 6375342080                             {manageable} {ergonomic}
     bool UseCompressedClassPointers               = true                           {product lp64_product} {ergonomic}
     bool UseCompressedOops                        = true                           {product lp64_product} {ergonomic}
     bool UseG1GC                                  = true                                      {product} {ergonomic}
     bool UseLargePagesIndividualAllocation        = false                                  {pd product} {ergonomic}

Logging:
Log output configuration:
 #0: stdout all=warning uptime,level,tags
 #1: stderr all=off uptime,level,tags

Environment Variables:
JAVA_HOME=D:\Program Files\Java\jdk-17
CLASSPATH=D:\Documents\Flutter_project\trach\flutter_application_2\android\\gradle\wrapper\gradle-wrapper.jar
PATH=D:\Program Files\Java\jdk-17\bin;D:\flutter\bin\;C:\Python311\Scripts\;C:\Python311\;C:\windows\system32;C:\windows;C:\windows\System32\Wbem;C:\windows\System32\WindowsPowerShell\v1.0\;C:\windows\System32\OpenSSH\;D:\ruajian\Microsoft VS Code\bin;C:\ProgramData\chocolatey\bin;C:\Program Files\Git\cmd;C:\Users\Administrator\AppData\Roaming\nvm;C:\Program Files\nodejs;C:\Users\Administrator\AppData\Roaming\npm\node_modules\yarn\bin;C:\Users\Administrator\AppData\Roaming\npm\node_modules\nrm\bin;C:\Users\Administrator\AppData\Roaming\nvm\v16.20.2\node_modules\@vue\cli;C:\Users\Administrator\AppData\Roaming\npm;C:\Users\Administrator\AppData\Roaming\npm\node_modules\.bin;C:\Program Files\dotnet\;D:\flutter\bin;C:\Program Files\MySQL\MySQL Server 8.0\bin;D:\Program Files\Java\jdk-17\bin;C:\Program Files (x86)\Tencent\微信web开发者工具\dll;C:\Users\Administrator\AppData\Roaming\FreeControl\scrcpy-win64-v2.4\;C:\Program Files (x86)\Windows Kits\10\Windows Performance Toolkit\;D:\Program Files (x86)\Tencent\微信web开发者工具\dll;C:\Users\Administrator\AppData\Local\Android\Sdk;C:\Program Files\MySQL\MySQL Shell 8.0\bin\;C:\Users\Administrator\AppData\Local\pnpm;C:\Users\Administrator\AppData\Local\Programs\Python\Python311-32\Scripts\;C:\Users\Administrator\AppData\Local\Programs\Python\Python311-32\;C:\Users\Administrator\AppData\Local\Microsoft\WindowsApps;C:\Users\Administrator\AppData\Roaming\npm;C:\Users\Administrator\AppData\Roaming\nvm;C:\Program Files\nodejs;C:\Users\Administrator\AppData\Roaming\nvm\v16.20.2\node_modules\@vue\cli\bin;C:\Users\Administrator\AppData\Roaming\npm\node_modules\.bin;C:\Users\Administrator\AppData\Roaming\npm;D:\flutter\bin;D:\Program Files\Java\jdk-17\bin;C:\Program Files\JetBrains\IntelliJ IDEA 2024.1.1\bin;D:\Program Files\JetBrains\WebStorm 2024.3\bin;D:\Users\Administrator\AppData\Local\Programs\cursor\resources\app\bin;D:\Program Files\JetBrains\IntelliJ IDEA 2025.1.3\bin;;D:\Program Files\Java\jdk-17\bin;E:\DevEco Studio\bin;;;c:
USERNAME=Administrator
LANG=zh_CN.UTF-8
OS=Windows_NT
PROCESSOR_IDENTIFIER=Intel64 Family 6 Model 151 Stepping 2, GenuineIntel



---------------  S Y S T E M  ---------------

OS:
 Windows 10 , 64 bit Build 19041 (10.0.19041.5915)
OS uptime: 2 days 7:03 hours
Hyper-V role detected

CPU: total 16 (initial active 16) (8 cores per cpu, 2 threads per core) family 6 model 151 stepping 2 microcode 0x26, cx8, cmov, fxsr, ht, mmx, 3dnowpref, sse, sse2, sse3, ssse3, sse4.1, sse4.2, popcnt, lzcnt, tsc, tscinvbit, avx, avx2, aes, erms, clmul, bmi1, bmi2, adx, sha, fma, vzeroupper, clflush, clflushopt, clwb, hv

Memory: 4k page, system-wide physical 24317M (441M free)
TotalPageFile size 44541M (AvailPageFile size 361M)
current process WorkingSet (physical memory assigned to process): 12M, peak: 12M
current process commit charge ("private bytes"): 71M, peak: 451M

vm_info: Java HotSpot(TM) 64-Bit Server VM (17.0.11+7-LTS-207) for windows-amd64 JRE (17.0.11+7-LTS-207), built on Mar 11 2024 19:01:50 by "mach5one" with MS VC++ 17.6 (VS2022)

END.
